Ganache CLI v6.12.2 (ganache-core: 2.13.2)

Available Accounts
==================
(0) 0x90F8bf6A479f320ead074411a4B0e7944Ea8c9C1 (100 ETH)
(1) 0xFFcf8FDEE72ac11b5c542428B35EEF5769C409f0 (100 ETH)
(2) 0x22d491Bde2303f2f43325b2108D26f1eAbA1e32b (100 ETH)
(3) 0xE11BA2b4D45Eaed5996Cd0823791E0C93114882d (100 ETH)
(4) 0xd03ea8624C8C5987235048901fB614fDcA89b117 (100 ETH)
(5) 0x95cED938F7991cd0dFcb48F0a06a40FA1aF46EBC (100 ETH)
(6) 0x3E5e9111Ae8eB78Fe1CC3bb8915d5D461F3Ef9A9 (100 ETH)
(7) 0x28a8746e75304c0780E011BEd21C72cD78cd535E (100 ETH)
(8) 0xACa94ef8bD5ffEE41947b4585a84BdA5a3d3DA6E (100 ETH)
(9) 0x1dF62f291b2E969fB0849d99D9Ce41e2F137006e (100 ETH)

Private Keys
==================
(0) 0x4f3edf983ac636a65a842ce7c78d9aa706d3b113bce9c46f30d7d21715b23b1d
(1) 0x6cbed15c793ce57650b9877cf6fa156fbef513c4e6134f022a85b1ffdd59b2a1
(2) 0x6370fd033278c143179d81c5526140625662b8daa446c22ee2d73db3707e620c
(3) 0x646f1ce2fdad0e6deeeb5c7e8e5543bdde65e86029e2fd9fc169899c440a7913
(4) 0xadd53f9a7e588d003326d1cbf9e4a43c061aadd9bc938c843a79e7b4fd2ad743
(5) 0x395df67f0c2d2d9fe1ad08d1bc8b6627011959b79c53d7dd6a3536a33ab8a4fd
(6) 0xe485d098507f54e7733a205420dfddbe58db035fa577fc294ebd14db90767a52
(7) 0xa453611d9419d0e56f499079478fd72c37b251a94bfde4d19872c44cf65386e3
(8) 0x829e924fdf021ba3dbbc4225edfece9aca04b929d6e75613329ca6f1d31c0bb4
(9) 0xb0057716d5917badaf911b193b12b910811c1497b5bada8d7711f758981c3773

HD Wallet
==================
Mnemonic:      myth like bonus scare over problem client lizard pioneer submit female collect
Base HD Path:  m/44'/60'/0'/0/{account_index}

Gas Price
==================
20000000000

Gas Limit
==================
6721975

Call Gas Limit
==================
9007199254740991

Listening on 127.0.0.1:7545
eth_accounts
eth_getBlockByNumber
eth_chainId
eth_chainId
eth_estimateGas
eth_blockNumber
eth_getBlockByNumber
eth_sendTransaction

  Transaction: 0x44710634c6813ebd2398ae1570e09a63a0d46785214efdf8376fbaee6f882391
  Gas usage: 22024
  Block Number: 1
  Block Time: Thu Nov 06 2025 09:51:01 GMT+0530 (India Standard Time)

eth_accounts
eth_getBlockByNumber
eth_chainId
eth_chainId
eth_estimateGas
eth_blockNumber
eth_getBlockByNumber
eth_sendTransaction

  Transaction: 0xb9e328a80738cd36236cdb29838b540a203e14eda19220d818dd143709a93ee8
  Gas usage: 22024
  Block Number: 2
  Block Time: Thu Nov 06 2025 09:53:43 GMT+0530 (India Standard Time)

eth_accounts
eth_getBlockByNumber
eth_chainId
eth_chainId
eth_estimateGas
eth_blockNumber
eth_getBlockByNumber
eth_sendTransaction

  Transaction: 0xb51c7b0de1211c7bff740a33357c85bdeaa9b3cd5cf4c0fb577bf09f520af17a
  Gas usage: 22024
  Block Number: 3
  Block Time: Thu Nov 06 2025 10:00:34 GMT+0530 (India Standard Time)

eth_accounts
eth_accounts
eth_getBlockByNumber
eth_chainId
eth_chainId
eth_estimateGas
eth_blockNumber
eth_getBlockByNumber
eth_sendTransaction

  Transaction: 0x59284cbe14e0cc48acbd87e0182247c28fb831d121daaf7df484df7c5f58a181
  Gas usage: 22024
  Block Number: 4
  Block Time: Thu Nov 06 2025 10:02:06 GMT+0530 (India Standard Time)

eth_accounts
eth_getBlockByNumber
eth_chainId
eth_chainId
eth_estimateGas
eth_blockNumber
eth_getBlockByNumber
eth_sendTransaction

  Transaction: 0x350b30b291f1994826e1c235e647c6d9fe4850fd465d491e89bc8bbb11669afe
  Gas usage: 22024
  Block Number: 5
  Block Time: Thu Nov 06 2025 10:02:22 GMT+0530 (India Standard Time)

eth_accounts
eth_accounts
eth_getBlockByNumber
eth_chainId
eth_chainId
eth_estimateGas
eth_blockNumber
eth_getBlockByNumber
eth_sendTransaction

  Transaction: 0x93af09b5ffd7858b8dcb9613fe6ba5ec7697e3515b46224ff0646d8f8c734911
  Gas usage: 22024
  Block Number: 6
  Block Time: Thu Nov 06 2025 10:03:36 GMT+0530 (India Standard Time)

eth_accounts
eth_accounts
eth_accounts
eth_accounts
eth_accounts
eth_accounts
